<?xml version="1.0" encoding="UTF-8"?>
<testng-results skipped="0" failed="0" ignored="0" total="1" passed="1">
  <reporter-output>
  </reporter-output>
  <suite name="Guru99" duration-ms="33997" started-at="2019-09-26T22:04:59Z" finished-at="2019-09-26T22:05:33Z">
    <groups>
    </groups>
    <test name="BankingApp Test" duration-ms="33997" started-at="2019-09-26T22:04:59Z" finished-at="2019-09-26T22:05:33Z">
      <class name="com.testCases.TC_AddCustomerTest_003">
        <test-method status="PASS" signature="setUp(java.lang.String)[pri:0, instance:com.testCases.TC_AddCustomerTest_003@180bc464]" name="setUp" is-config="true" duration-ms="8921" started-at="2019-09-26T22:04:59Z" finished-at="2019-09-26T22:05:08Z">
          <params>
            <param index="0">
              <value>
                <![CDATA[chrome]]>
              </value>
            </param>
          </params>
          <reporter-output>
          </reporter-output>
        </test-method> <!-- setUp -->
        <test-method status="PASS" signature="addNewCustomer()[pri:0, instance:com.testCases.TC_AddCustomerTest_003@180bc464]" name="addNewCustomer" duration-ms="23486" started-at="2019-09-26T22:05:08Z" finished-at="2019-09-26T22:05:32Z">
          <reporter-output>
          </reporter-output>
        </test-method> <!-- addNewCustomer -->
        <test-method status="PASS" signature="tearDown()[pri:0, instance:com.testCases.TC_AddCustomerTest_003@180bc464]" name="tearDown" is-config="true" duration-ms="1313" started-at="2019-09-26T22:05:32Z" finished-at="2019-09-26T22:05:33Z">
          <reporter-output>
          </reporter-output>
        </test-method> <!-- tearDown -->
      </class> <!-- com.testCases.TC_AddCustomerTest_003 -->
    </test> <!-- BankingApp Test -->
  </suite> <!-- Guru99 -->
</testng-results>
